<?xml version="1.0" encoding="UTF-8"?>
<!-- Generated by org.testng.reporters.JUnitReportReporter -->
<testsuite skipped="0" hostname="DESKTOP-8KD9L34" name="com.inetbanking.testCases.TC_AddNewCustomer_003" tests="1" failures="0" timestamp="23 Jul 2019 14:04:58 GMT" time="10.711" errors="0">
  <testcase name="AddNewCustomer" time="10.711" classname="com.inetbanking.testCases.TC_AddNewCustomer_003"/>
</testsuite> <!-- com.inetbanking.testCases.TC_AddNewCustomer_003 -->
